c:\projects\pthermal\pthermal\obj\vc120.pdb
c:\projects\pthermal\pthermal\obj\vc120.idb
c:\projects\pthermal\pthermal\obj\iquickresponsecode.obj
c:\projects\pthermal\pthermal\obj\iregisterenumeratorkey.obj
c:\projects\pthermal\pthermal\obj\iregisterenumeratorvalue.obj
c:\projects\pthermal\pthermal\obj\iserialbus.obj
c:\projects\pthermal\pthermal\obj\ithermalprinterdefs.obj
c:\projects\pthermal\pthermal\obj\iuniversalserialbusdetails.obj
c:\projects\pthermal\pthermal\obj\iwchartochar.obj
c:\projects\pthermal\pthermal\obj\javascriptobjectnotation.obj
c:\projects\pthermal\pthermal\obj\printcoupon.obj
c:\projects\pthermal\pthermal\obj\pthermal.obj
c:\projects\pthermal\pthermal\obj\quickresponsecode.obj
c:\projects\pthermal\pthermal\obj\quickresponsecodegenerator.obj
c:\projects\pthermal\pthermal\obj\registerenumeratorkey.obj
c:\projects\pthermal\pthermal\obj\registerenumeratorvalue.obj
c:\projects\pthermal\pthermal\obj\serialbus.obj
c:\projects\pthermal\pthermal\obj\serialbusex.obj
c:\projects\pthermal\pthermal\obj\serialbuswnd.obj
c:\projects\pthermal\pthermal\obj\stdafx.obj
c:\projects\pthermal\pthermal\obj\thermalprinter.obj
c:\projects\pthermal\pthermal\obj\universalserialbusdetails.obj
c:\projects\pthermal\pthermal\obj\bematech.obj
c:\projects\pthermal\pthermal\obj\daruma.obj
c:\projects\pthermal\pthermal\obj\dllmain.obj
c:\projects\pthermal\pthermal\obj\enumeratoruniversalserialbus.obj
c:\projects\pthermal\pthermal\obj\epson.obj
c:\projects\pthermal\pthermal\obj\extensiblemarkuplanguage.obj
c:\projects\pthermal\pthermal\obj\generateticketdata.obj
c:\projects\pthermal\pthermal\obj\generateticketdataex.obj
c:\projects\pthermal\pthermal\obj\hkeylocalmachine.obj
c:\projects\pthermal\pthermal\obj\idevicecontext.obj
c:\projects\pthermal\pthermal\obj\idevicecontextex.obj
c:\projects\pthermal\pthermal\obj\ienumeratoruniversalserialbus.obj
c:\projects\pthermal\pthermal\obj\igenerateticketdata.obj
c:\projects\pthermal\pthermal\obj\ihkeylocalmachine.obj
c:\projects\pthermal\pthermal\obj\iprinterdevice.obj
c:\projects\pthermal\pthermal\dll\win32\debug\pthermal.ilk
c:\projects\pthermal\pthermal\dll\win32\debug\pthermal.dll
c:\projects\pthermal\pthermal\dll\win32\debug\pthermal.pdb
c:\projects\pthermal\pthermal\dll\win32\debug\pthermal.lib
c:\projects\pthermal\pthermal\dll\win32\debug\pthermal.exp
c:\projects\pthermal\pthermal\obj\pthermal.res
c:\projects\pthermal\pthermal\obj\pthermal.tlog\cl.command.1.tlog
c:\projects\pthermal\pthermal\obj\pthermal.tlog\cl.read.1.tlog
c:\projects\pthermal\pthermal\obj\pthermal.tlog\cl.write.1.tlog
c:\projects\pthermal\pthermal\obj\pthermal.tlog\link.command.1.tlog
c:\projects\pthermal\pthermal\obj\pthermal.tlog\link.read.1.tlog
c:\projects\pthermal\pthermal\obj\pthermal.tlog\link.write.1.tlog
c:\projects\pthermal\pthermal\obj\pthermal.tlog\pthermal.write.1u.tlog
c:\projects\pthermal\pthermal\obj\pthermal.tlog\rc.command.1.tlog
c:\projects\pthermal\pthermal\obj\pthermal.tlog\rc.read.1.tlog
c:\projects\pthermal\pthermal\obj\pthermal.tlog\rc.write.1.tlog
