c:\projects\pthermal\release\vc120.pdb
c:\projects\pthermal\release\ithermalprinterdefs.obj
c:\projects\pthermal\release\iserialbus.obj
c:\projects\pthermal\release\iregisterenumeratorvalue.obj
c:\projects\pthermal\release\iregisterenumeratorkey.obj
c:\projects\pthermal\release\iquickresponsecode.obj
c:\projects\pthermal\release\iprinterdevice.obj
c:\projects\pthermal\release\ihkeylocalmachine.obj
c:\projects\pthermal\release\igenerateticketdata.obj
c:\projects\pthermal\release\ienumeratoruniversalserialbus.obj
c:\projects\pthermal\release\idevicecontextex.obj
c:\projects\pthermal\release\idevicecontext.obj
c:\projects\pthermal\release\hkeylocalmachine.obj
c:\projects\pthermal\release\generateticketdataex.obj
c:\projects\pthermal\release\generateticketdata.obj
c:\projects\pthermal\release\extensiblemarkuplanguage.obj
c:\projects\pthermal\release\epson.obj
c:\projects\pthermal\release\enumeratoruniversalserialbus.obj
c:\projects\pthermal\release\dllmain.obj
c:\projects\pthermal\release\daruma.obj
c:\projects\pthermal\release\bematech.obj
c:\projects\pthermal\release\universalserialbusdetails.obj
c:\projects\pthermal\release\thermalprinter.obj
c:\projects\pthermal\release\stdafx.obj
c:\projects\pthermal\release\serialbuswnd.obj
c:\projects\pthermal\release\serialbusex.obj
c:\projects\pthermal\release\serialbus.obj
c:\projects\pthermal\release\registerenumeratorvalue.obj
c:\projects\pthermal\release\registerenumeratorkey.obj
c:\projects\pthermal\release\quickresponsecodegenerator.obj
c:\projects\pthermal\release\quickresponsecode.obj
c:\projects\pthermal\release\pthermal.obj
c:\projects\pthermal\release\printcoupon.obj
c:\projects\pthermal\release\javascriptobjectnotation.obj
c:\projects\pthermal\release\iwchartochar.obj
c:\projects\pthermal\release\iuniversalserialbusdetails.obj
c:\projects\pthermal\release\pthermal.dll
c:\projects\pthermal\release\pthermal.pdb
c:\projects\pthermal\release\pthermal.lib
c:\projects\pthermal\release\pthermal.exp
c:\projects\pthermal\release\pthermal.res
c:\projects\pthermal\release\pthermal.tlog\cl.command.1.tlog
c:\projects\pthermal\release\pthermal.tlog\cl.read.1.tlog
c:\projects\pthermal\release\pthermal.tlog\cl.write.1.tlog
c:\projects\pthermal\release\pthermal.tlog\link.command.1.tlog
c:\projects\pthermal\release\pthermal.tlog\link.read.1.tlog
c:\projects\pthermal\release\pthermal.tlog\link.write.1.tlog
c:\projects\pthermal\release\pthermal.tlog\pthermal.write.1u.tlog
c:\projects\pthermal\release\pthermal.tlog\rc.command.1.tlog
c:\projects\pthermal\release\pthermal.tlog\rc.read.1.tlog
c:\projects\pthermal\release\pthermal.tlog\rc.write.1.tlog
