  Bematech.cpp
  Daruma.cpp
  dllmain.cpp
  EnumeratorUniversalSerialBus.cpp
  Epson.cpp
  ExtensibleMarkupLanguage.cpp
  GenerateTicketData.cpp
  GenerateTicketDataEx.cpp
  HKeyLocalMachine.cpp
  IDeviceContext.cpp
  IDeviceContextEx.cpp
  IEnumeratorUniversalSerialBus.cpp
  IGenerateTicketData.cpp
  IHKeyLocalMachine.cpp
  iprinterdevice.cpp
  IQuickResponseCode.cpp
  IRegisterEnumeratorKey.cpp
  IRegisterEnumeratorValue.cpp
  ISerialBus.cpp
  IThermalPrinterDefs.cpp
  Compiling...
  IUniversalSerialBusDetails.cpp
  IWcharToChar.cpp
  javascriptobjectnotation.cpp
  printcoupon.cpp
  pthermal.cpp
  QuickResponseCode.cpp
  QuickResponseCodeGenerator.cpp
  RegisterEnumeratorKey.cpp
  RegisterEnumeratorValue.cpp
  SerialBus.cpp
  SerialBusEx.cpp
  SerialBusWnd.cpp
  stdafx.cpp
  ThermalPrinter.cpp
  UniversalSerialBusDetails.cpp
QRGenerator.lib(qrencode.obj) : warning LNK4075: ignoring '/EDITANDCONTINUE' due to '/OPT:ICF' specification
     Creating library C:\projects\pthermal\Release\pthermal.lib and object C:\projects\pthermal\Release\pthermal.exp
MSVCRT.lib(cinitexe.obj) : warning LNK4098: defaultlib 'msvcrtd.lib' conflicts with use of other libs; use /NODEFAULTLIB:library
  Generating code
  Finished generating code
  pthermal.vcxproj -> C:\projects\pthermal\Release\pthermal.dll
